<?xml version="1.0" encoding="UTF-8"?>
<testng-results ignored="0" total="1" passed="1" failed="0" skipped="0">
  <reporter-output>
  </reporter-output>
  <suite started-at="2022-03-12T10:38:09 BDT" name="Default suite" finished-at="2022-03-12T10:39:12 BDT" duration-ms="63407">
    <groups>
    </groups>
    <test started-at="2022-03-12T10:38:09 BDT" name="Default test" finished-at="2022-03-12T10:39:12 BDT" duration-ms="63407">
      <class name="testcase.Testcaselocator">
        <test-method is-config="true" signature="setDriver()[pri:0, instance:testcase.Testcaselocator@67d48005]" started-at="2022-03-12T10:38:03 BDT" name="setDriver" finished-at="2022-03-12T10:38:09 BDT" duration-ms="5222" status="PASS">
          <reporter-output>
          </reporter-output>
        </test-method> <!-- setDriver -->
        <test-method signature="locatorlearning()[pri:0, instance:testcase.Testcaselocator@67d48005]" started-at="2022-03-12T10:38:09 BDT" name="locatorlearning" finished-at="2022-03-12T10:39:12 BDT" duration-ms="63313" status="PASS">
          <reporter-output>
          </reporter-output>
        </test-method> <!-- locatorlearning -->
        <test-method is-config="true" signature="close()[pri:0, instance:testcase.Testcaselocator@67d48005]" started-at="2022-03-12T10:39:12 BDT" name="close" finished-at="2022-03-12T10:39:12 BDT" duration-ms="94" status="PASS">
          <reporter-output>
          </reporter-output>
        </test-method> <!-- close -->
      </class> <!-- testcase.Testcaselocator -->
    </test> <!-- Default test -->
  </suite> <!-- Default suite -->
</testng-results>
