<?xml version="1.0" encoding="UTF-8"?>
<testng-results ignored="0" total="1" passed="1" failed="0" skipped="0">
  <reporter-output>
  </reporter-output>
  <suite started-at="2022-03-02T21:33:55 BDT" name="Default suite" finished-at="2022-03-02T21:34:16 BDT" duration-ms="21188">
    <groups>
    </groups>
    <test started-at="2022-03-02T21:33:55 BDT" name="Default test" finished-at="2022-03-02T21:34:16 BDT" duration-ms="21188">
      <class name="testcase.Testcaselocator">
        <test-method is-config="true" signature="setDriver()[pri:0, instance:testcase.Testcaselocator@67d48005]" started-at="2022-03-02T21:33:50 BDT" name="setDriver" finished-at="2022-03-02T21:33:55 BDT" duration-ms="4130" status="PASS">
          <reporter-output>
          </reporter-output>
        </test-method> <!-- setDriver -->
        <test-method signature="locatorlearning()[pri:0, instance:testcase.Testcaselocator@67d48005]" started-at="2022-03-02T21:33:55 BDT" name="locatorlearning" finished-at="2022-03-02T21:34:16 BDT" duration-ms="21105" status="PASS">
          <reporter-output>
          </reporter-output>
        </test-method> <!-- locatorlearning -->
        <test-method is-config="true" signature="close()[pri:0, instance:testcase.Testcaselocator@67d48005]" started-at="2022-03-02T21:34:16 BDT" name="close" finished-at="2022-03-02T21:34:17 BDT" duration-ms="1140" status="PASS">
          <reporter-output>
          </reporter-output>
        </test-method> <!-- close -->
      </class> <!-- testcase.Testcaselocator -->
    </test> <!-- Default test -->
  </suite> <!-- Default suite -->
</testng-results>
